Using pre-set license
Built from '2021.3/release' branch; Version is '2021.3.27f1 (ca3ffb99bcc6) revision 13254651'; Using compiler version '192829333'; Build Type 'Release'
OS: 'Windows 10  (10.0.19045) 64bit Professional' Language: 'en' Physical Memory: 16333 MB
BatchMode: 1, IsHumanControllingUs: 0, StartBugReporterOnCrash: 0, Is64bit: 1, IsPro: 1

COMMAND LINE ARGUMENTS:
C:\Program Files\Unity\Hub\Editor\2021.3.27f1\Editor\Unity.exe
-adb2
-batchMode
-noUpm
-name
AssetImportWorker0
-projectPath
F:/Lưu Trữ/Unity/CGO-3D
-logFile
Logs/AssetImportWorker0.log
-srvPort
64560
Successfully changed project path to: F:/Lưu Trữ/Unity/CGO-3D
F:/Lưu Trữ/Unity/CGO-3D
[UnityMemory] Configuration Parameters - Can be set up in boot.config
    "memorysetup-bucket-allocator-granularity=16"
    "memorysetup-bucket-allocator-bucket-count=8"
    "memorysetup-bucket-allocator-block-size=33554432"
    "memorysetup-bucket-allocator-block-count=8"
    "memorysetup-main-allocator-block-size=16777216"
    "memorysetup-thread-allocator-block-size=16777216"
    "memorysetup-gfx-main-allocator-block-size=16777216"
    "memorysetup-gfx-thread-allocator-block-size=16777216"
    "memorysetup-cache-allocator-block-size=4194304"
    "memorysetup-typetree-allocator-block-size=2097152"
    "memorysetup-profiler-bucket-allocator-granularity=16"
    "memorysetup-profiler-bucket-allocator-bucket-count=8"
    "memorysetup-profiler-bucket-allocator-block-size=33554432"
    "memorysetup-profiler-bucket-allocator-block-count=8"
    "memorysetup-profiler-allocator-block-size=16777216"
    "memorysetup-profiler-editor-allocator-block-size=1048576"
    "memorysetup-temp-allocator-size-main=16777216"
    "memorysetup-job-temp-allocator-block-size=2097152"
    "memorysetup-job-temp-allocator-block-size-background=1048576"
    "memorysetup-job-temp-allocator-reduction-small-platforms=262144"
    "memorysetup-temp-allocator-size-background-worker=32768"
    "memorysetup-temp-allocator-size-job-worker=262144"
    "memorysetup-temp-allocator-size-preload-manager=33554432"
    "memorysetup-temp-allocator-size-nav-mesh-worker=65536"
    "memorysetup-temp-allocator-size-audio-worker=65536"
    "memorysetup-temp-allocator-size-cloud-worker=32768"
    "memorysetup-temp-allocator-size-gi-baking-worker=262144"
    "memorysetup-temp-allocator-size-gfx=262144"
Player connection [27684] Host "[IP] 192.168.51.106 [Port] 0 [Flags] 2 [Guid] 532298244 [EditorId] 532298244 [Version] 1048832 [Id] WindowsEditor(7,DESKTOP-PN675PL) [Debug] 1 [PackageName] WindowsEditor [ProjectName] Editor" joined multi-casting on [225.0.0.222:54997]...

Player connection [27684] Host "[IP] 192.168.51.106 [Port] 0 [Flags] 2 [Guid] 532298244 [EditorId] 532298244 [Version] 1048832 [Id] WindowsEditor(7,DESKTOP-PN675PL) [Debug] 1 [PackageName] WindowsEditor [ProjectName] Editor" joined alternative multi-casting on [225.0.0.222:34997]...

Refreshing native plugins compatible for Editor in 61.83 ms, found 3 plugins.
Preloading 0 native plugins for Editor in 0.00 ms.
Initialize engine version: 2021.3.27f1 (ca3ffb99bcc6)
[Subsystems] Discovering subsystems at path C:/Program Files/Unity/Hub/Editor/2021.3.27f1/Editor/Data/Resources/UnitySubsystems
[Subsystems] Discovering subsystems at path F:/Lưu Trữ/Unity/CGO-3D/Assets
GfxDevice: creating device client; threaded=0; jobified=0
Direct3D:
    Version:  Direct3D 11.0 [level 11.1]
    Renderer: NVIDIA GeForce GTX 1080 (ID=0x1b80)
    Vendor:   NVIDIA
    VRAM:     8072 MB
    Driver:   31.0.15.3713
Initialize mono
Mono path[0] = 'C:/Program Files/Unity/Hub/Editor/2021.3.27f1/Editor/Data/Managed'
Mono path[1] = 'C:/Program Files/Unity/Hub/Editor/2021.3.27f1/Editor/Data/MonoBleedingEdge/lib/mono/unityjit-win32'
Mono config path = 'C:/Program Files/Unity/Hub/Editor/2021.3.27f1/Editor/Data/MonoBleedingEdge/etc'
Using monoOptions --debugger-agent=transport=dt_socket,embedding=1,server=y,suspend=n,address=127.0.0.1:56452
Begin MonoManager ReloadAssembly
Registering precompiled unity dll's ...
Register platform support module: C:/Program Files/Unity/Hub/Editor/2021.3.27f1/Editor/Data/PlaybackEngines/WebGLSupport/UnityEditor.WebGL.Extensions.dll
Register platform support module: C:/Program Files/Unity/Hub/Editor/2021.3.27f1/Editor/Data/PlaybackEngines/iOSSupport/UnityEditor.iOS.Extensions.dll
Register platform support module: C:/Program Files/Unity/Hub/Editor/2021.3.27f1/Editor/Data/PlaybackEngines/WindowsStandaloneSupport/UnityEditor.WindowsStandalone.Extensions.dll
Registered in 0.008595 seconds.
Native extension for WindowsStandalone target not found
[usbmuxd] Start listen thread
[usbmuxd] Listen thread started
Native extension for iOS target not found
Native extension for WebGL target not found
Refreshing native plugins compatible for Editor in 72.05 ms, found 3 plugins.
Preloading 0 native plugins for Editor in 0.00 ms.
Mono: successfully reloaded assembly
- Completed reload, in  0.562 seconds
Domain Reload Profiling:
	ReloadAssembly (563ms)
		BeginReloadAssembly (76ms)
			ExecutionOrderSort (0ms)
			DisableScriptedObjects (0ms)
			BackupInstance (0ms)
			ReleaseScriptingObjects (0ms)
			CreateAndSetChildDomain (1ms)
		EndReloadAssembly (396ms)
			LoadAssemblies (74ms)
			RebuildTransferFunctionScriptingTraits (0ms)
			SetupTypeCache (97ms)
			ReleaseScriptCaches (0ms)
			RebuildScriptCaches (25ms)
			SetupLoadedEditorAssemblies (231ms)
				LogAssemblyErrors (0ms)
				InitializePlatformSupportModulesInManaged (24ms)
				SetLoadedEditorAssemblies (0ms)
				RefreshPlugins (72ms)
				BeforeProcessingInitializeOnLoad (1ms)
				ProcessInitializeOnLoadAttributes (96ms)
				ProcessInitializeOnLoadMethodAttributes (37ms)
				AfterProcessingInitializeOnLoad (0ms)
				EditorAssembliesLoaded (0ms)
			ExecutionOrderSort2 (0ms)
			AwakeInstancesAfterBackupRestoration (0ms)
Platform modules already initialized, skipping
Registering precompiled user dll's ...
Registered in 0.003078 seconds.
Begin MonoManager ReloadAssembly
Symbol file LoadedFromMemory doesn't match image F:\Lưu Trữ\Unity\CGO-3D\Library\PackageCache\com.unity.visualscripting@1.8.0\Editor\VisualScripting.Core\Dependencies\YamlDotNet\Unity.VisualScripting.YamlDotNet.dll
Symbol file LoadedFromMemory doesn't match image F:\Lưu Trữ\Unity\CGO-3D\Library\PackageCache\com.unity.visualscripting@1.8.0\Editor\VisualScripting.Core\Dependencies\DotNetZip\Unity.VisualScripting.IonicZip.dll
Native extension for WindowsStandalone target not found
Native extension for iOS target not found
Native extension for WebGL target not found
Refreshing native plugins compatible for Editor in 0.50 ms, found 3 plugins.
Preloading 0 native plugins for Editor in 0.00 ms.
Mono: successfully reloaded assembly
- Completed reload, in  0.863 seconds
Domain Reload Profiling:
	ReloadAssembly (863ms)
		BeginReloadAssembly (111ms)
			ExecutionOrderSort (0ms)
			DisableScriptedObjects (5ms)
			BackupInstance (0ms)
			ReleaseScriptingObjects (0ms)
			CreateAndSetChildDomain (20ms)
		EndReloadAssembly (656ms)
			LoadAssemblies (80ms)
			RebuildTransferFunctionScriptingTraits (0ms)
			SetupTypeCache (223ms)
			ReleaseScriptCaches (1ms)
			RebuildScriptCaches (41ms)
			SetupLoadedEditorAssemblies (290ms)
				LogAssemblyErrors (0ms)
				InitializePlatformSupportModulesInManaged (19ms)
				SetLoadedEditorAssemblies (0ms)
				RefreshPlugins (1ms)
				BeforeProcessingInitializeOnLoad (71ms)
				ProcessInitializeOnLoadAttributes (173ms)
				ProcessInitializeOnLoadMethodAttributes (16ms)
				AfterProcessingInitializeOnLoad (11ms)
				EditorAssembliesLoaded (0ms)
			ExecutionOrderSort2 (0ms)
			AwakeInstancesAfterBackupRestoration (6ms)
Platform modules already initialized, skipping
========================================================================
Worker process is ready to serve import requests
Launched and connected shader compiler UnityShaderCompiler.exe after 0.04 seconds
Refreshing native plugins compatible for Editor in 0.70 ms, found 3 plugins.
Preloading 0 native plugins for Editor in 0.00 ms.
Unloading 3117 Unused Serialized files (Serialized files now loaded: 0)
Unloading 22 unused Assets / (46.4 KB). Loaded Objects now: 3580.
Memory consumption went from 109.3 MB to 109.3 MB.
Total: 3.651600 ms (FindLiveObjects: 0.567300 ms CreateObjectMapping: 0.127300 ms MarkObjects: 2.868400 ms  DeleteObjects: 0.086100 ms)

AssetImportParameters requested are different than current active one (requested -> active):
  custom:video-decoder-ogg-theora: a1e56fd34408186e4bbccfd4996cb3dc -> 
  custom:container-muxer-webm: aa71ff27fc2769a1b78a27578f13a17b -> 
  custom:container-demuxer-webm: 4f35f7cbe854078d1ac9338744f61a02 -> 
  custom:video-encoder-webm-vp8: eb34c28f22e8b96e1ab97ce403110664 -> 
  custom:audio-encoder-webm-vorbis: bf7c407c2cedff20999df2af8eb42d56 -> 
  custom:framework-win-MediaFoundation: 216162199b28c13a410421893ffa2e32 -> 
  custom:container-demuxer-ogg: 62fdf1f143b41e24485cea50d1cbac27 -> 
  custom:video-decoder-webm-vp8: 9c59270c3fd7afecdb556c50c9e8de78 -> 
  custom:audio-decoder-ogg-vorbis: bf7c407c2cedff20999df2af8eb42d56 -> 
========================================================================
Received Import Request.
  Time since last request: 895685.067857 seconds.
  path: Assets/Old
  artifactKey: Guid(5208dbfca9dccce47a1e9a62abe8f3dc) Importer(815301076,1909f56bfc062723c751e8b465ee728b)
Start importing Assets/Old using Guid(5208dbfca9dccce47a1e9a62abe8f3dc) Importer(815301076,1909f56bfc062723c751e8b465ee728b)  -> (artifact id: '280253ff7263c95179287708468df33a') in 0.016359 seconds 
========================================================================
Received Prepare
Registering precompiled user dll's ...
Registered in 0.003494 seconds.
Begin MonoManager ReloadAssembly
Symbol file LoadedFromMemory doesn't match image F:\Lưu Trữ\Unity\CGO-3D\Library\PackageCache\com.unity.visualscripting@1.8.0\Editor\VisualScripting.Core\Dependencies\YamlDotNet\Unity.VisualScripting.YamlDotNet.dll
Symbol file LoadedFromMemory doesn't match image F:\Lưu Trữ\Unity\CGO-3D\Library\PackageCache\com.unity.visualscripting@1.8.0\Editor\VisualScripting.Core\Dependencies\DotNetZip\Unity.VisualScripting.IonicZip.dll
Native extension for WindowsStandalone target not found
Native extension for iOS target not found
Native extension for WebGL target not found
Refreshing native plugins compatible for Editor in 0.64 ms, found 3 plugins.
Preloading 0 native plugins for Editor in 0.00 ms.
Mono: successfully reloaded assembly
- Completed reload, in  0.856 seconds
Domain Reload Profiling:
	ReloadAssembly (856ms)
		BeginReloadAssembly (134ms)
			ExecutionOrderSort (0ms)
			DisableScriptedObjects (5ms)
			BackupInstance (0ms)
			ReleaseScriptingObjects (0ms)
			CreateAndSetChildDomain (34ms)
		EndReloadAssembly (639ms)
			LoadAssemblies (75ms)
			RebuildTransferFunctionScriptingTraits (0ms)
			SetupTypeCache (221ms)
			ReleaseScriptCaches (1ms)
			RebuildScriptCaches (42ms)
			SetupLoadedEditorAssemblies (265ms)
				LogAssemblyErrors (0ms)
				InitializePlatformSupportModulesInManaged (21ms)
				SetLoadedEditorAssemblies (1ms)
				RefreshPlugins (1ms)
				BeforeProcessingInitializeOnLoad (53ms)
				ProcessInitializeOnLoadAttributes (158ms)
				ProcessInitializeOnLoadMethodAttributes (19ms)
				AfterProcessingInitializeOnLoad (11ms)
				EditorAssembliesLoaded (0ms)
			ExecutionOrderSort2 (0ms)
			AwakeInstancesAfterBackupRestoration (6ms)
Platform modules already initialized, skipping
Refreshing native plugins compatible for Editor in 1.17 ms, found 3 plugins.
Preloading 0 native plugins for Editor in 0.00 ms.
Unloading 3108 Unused Serialized files (Serialized files now loaded: 0)
Unloading 15 unused Assets / (22.0 KB). Loaded Objects now: 3583.
Memory consumption went from 108.8 MB to 108.8 MB.
Total: 2.656200 ms (FindLiveObjects: 0.275500 ms CreateObjectMapping: 0.087300 ms MarkObjects: 2.271700 ms  DeleteObjects: 0.020800 ms)

AssetImportParameters requested are different than current active one (requested -> active):
  custom:video-decoder-ogg-theora: a1e56fd34408186e4bbccfd4996cb3dc -> 
  custom:container-muxer-webm: aa71ff27fc2769a1b78a27578f13a17b -> 
  custom:container-demuxer-webm: 4f35f7cbe854078d1ac9338744f61a02 -> 
  custom:video-encoder-webm-vp8: eb34c28f22e8b96e1ab97ce403110664 -> 
  custom:audio-encoder-webm-vorbis: bf7c407c2cedff20999df2af8eb42d56 -> 
  custom:framework-win-MediaFoundation: 216162199b28c13a410421893ffa2e32 -> 
  custom:container-demuxer-ogg: 62fdf1f143b41e24485cea50d1cbac27 -> 
  custom:video-decoder-webm-vp8: 9c59270c3fd7afecdb556c50c9e8de78 -> 
  custom:audio-decoder-ogg-vorbis: bf7c407c2cedff20999df2af8eb42d56 -> 
========================================================================
Received Import Request.
  Time since last request: 18.253550 seconds.
  path: Assets/BrigeRace/Scene
  artifactKey: Guid(b572850b757985049a9be864cab5bfe3) Importer(815301076,1909f56bfc062723c751e8b465ee728b)
Start importing Assets/BrigeRace/Scene using Guid(b572850b757985049a9be864cab5bfe3) Importer(815301076,1909f56bfc062723c751e8b465ee728b)  -> (artifact id: 'b67dd55f0598154928d7ccc8a8b70286') in 0.016480 seconds 
========================================================================
Received Import Request.
  Time since last request: 9.979655 seconds.
  path: Assets/BrigeRace/Scene/New Scene.unity
  artifactKey: Guid(537e761f53ba6f34da3ac6dc9f01e786) Importer(815301076,1909f56bfc062723c751e8b465ee728b)
Start importing Assets/BrigeRace/Scene/New Scene.unity using Guid(537e761f53ba6f34da3ac6dc9f01e786) Importer(815301076,1909f56bfc062723c751e8b465ee728b)  -> (artifact id: '1e60e2003432183cf372f6cdd39a2071') in 0.010451 seconds 
========================================================================
Received Import Request.
  Time since last request: 94.088818 seconds.
  path: Assets/BrigeRace/Materials
  artifactKey: Guid(4921aee5fa4b427488d13783668d4a75) Importer(815301076,1909f56bfc062723c751e8b465ee728b)
Start importing Assets/BrigeRace/Materials using Guid(4921aee5fa4b427488d13783668d4a75) Importer(815301076,1909f56bfc062723c751e8b465ee728b)  -> (artifact id: '3945b3c5d7e07dddca1ec923f8274355') in 0.009540 seconds 
========================================================================
Received Import Request.
  Time since last request: 4.721840 seconds.
  path: Assets/BrigeRace/NewBehaviourScript.cs
  artifactKey: Guid(5cd89af527760924ebc03c77f6ce79a6) Importer(815301076,1909f56bfc062723c751e8b465ee728b)
Start importing Assets/BrigeRace/NewBehaviourScript.cs using Guid(5cd89af527760924ebc03c77f6ce79a6) Importer(815301076,1909f56bfc062723c751e8b465ee728b)  -> (artifact id: '1f0982d9bb5c52a888a98040bd08393d') in 0.031699 seconds 
========================================================================
Received Prepare
Registering precompiled user dll's ...
Registered in 0.002869 seconds.
Begin MonoManager ReloadAssembly
Symbol file LoadedFromMemory doesn't match image F:\Lưu Trữ\Unity\CGO-3D\Library\PackageCache\com.unity.visualscripting@1.8.0\Editor\VisualScripting.Core\Dependencies\YamlDotNet\Unity.VisualScripting.YamlDotNet.dll
Symbol file LoadedFromMemory doesn't match image F:\Lưu Trữ\Unity\CGO-3D\Library\PackageCache\com.unity.visualscripting@1.8.0\Editor\VisualScripting.Core\Dependencies\DotNetZip\Unity.VisualScripting.IonicZip.dll
Native extension for WindowsStandalone target not found
Native extension for iOS target not found
Native extension for WebGL target not found
Refreshing native plugins compatible for Editor in 0.59 ms, found 3 plugins.
Preloading 0 native plugins for Editor in 0.00 ms.
Mono: successfully reloaded assembly
- Completed reload, in  0.840 seconds
Domain Reload Profiling:
	ReloadAssembly (841ms)
		BeginReloadAssembly (141ms)
			ExecutionOrderSort (0ms)
			DisableScriptedObjects (5ms)
			BackupInstance (0ms)
			ReleaseScriptingObjects (0ms)
			CreateAndSetChildDomain (36ms)
		EndReloadAssembly (616ms)
			LoadAssemblies (86ms)
			RebuildTransferFunctionScriptingTraits (0ms)
			SetupTypeCache (220ms)
			ReleaseScriptCaches (1ms)
			RebuildScriptCaches (41ms)
			SetupLoadedEditorAssemblies (244ms)
				LogAssemblyErrors (0ms)
				InitializePlatformSupportModulesInManaged (21ms)
				SetLoadedEditorAssemblies (0ms)
				RefreshPlugins (1ms)
				BeforeProcessingInitializeOnLoad (52ms)
				ProcessInitializeOnLoadAttributes (147ms)
				ProcessInitializeOnLoadMethodAttributes (15ms)
				AfterProcessingInitializeOnLoad (8ms)
				EditorAssembliesLoaded (0ms)
			ExecutionOrderSort2 (0ms)
			AwakeInstancesAfterBackupRestoration (5ms)
Platform modules already initialized, skipping
Refreshing native plugins compatible for Editor in 1.28 ms, found 3 plugins.
Preloading 0 native plugins for Editor in 0.00 ms.
Unloading 3108 Unused Serialized files (Serialized files now loaded: 0)
Unloading 15 unused Assets / (21.9 KB). Loaded Objects now: 3586.
Memory consumption went from 108.8 MB to 108.8 MB.
Total: 2.709700 ms (FindLiveObjects: 0.278400 ms CreateObjectMapping: 0.082000 ms MarkObjects: 2.328800 ms  DeleteObjects: 0.019400 ms)

AssetImportParameters requested are different than current active one (requested -> active):
  custom:video-decoder-ogg-theora: a1e56fd34408186e4bbccfd4996cb3dc -> 
  custom:container-muxer-webm: aa71ff27fc2769a1b78a27578f13a17b -> 
  custom:container-demuxer-webm: 4f35f7cbe854078d1ac9338744f61a02 -> 
  custom:video-encoder-webm-vp8: eb34c28f22e8b96e1ab97ce403110664 -> 
  custom:audio-encoder-webm-vorbis: bf7c407c2cedff20999df2af8eb42d56 -> 
  custom:framework-win-MediaFoundation: 216162199b28c13a410421893ffa2e32 -> 
  custom:container-demuxer-ogg: 62fdf1f143b41e24485cea50d1cbac27 -> 
  custom:video-decoder-webm-vp8: 9c59270c3fd7afecdb556c50c9e8de78 -> 
  custom:audio-decoder-ogg-vorbis: bf7c407c2cedff20999df2af8eb42d56 -> 
========================================================================
Received Import Request.
  Time since last request: 14.245641 seconds.
  path: Assets/BrigeRace/Prefab
  artifactKey: Guid(4d3408f0fcedcfa4fb68541787446014) Importer(815301076,1909f56bfc062723c751e8b465ee728b)
Start importing Assets/BrigeRace/Prefab using Guid(4d3408f0fcedcfa4fb68541787446014) Importer(815301076,1909f56bfc062723c751e8b465ee728b)  -> (artifact id: '1dcc427617767d54dad3df623447799c') in 0.014999 seconds 
========================================================================
Received Prepare
Registering precompiled user dll's ...
Registered in 0.002891 seconds.
Begin MonoManager ReloadAssembly
Symbol file LoadedFromMemory doesn't match image F:\Lưu Trữ\Unity\CGO-3D\Library\PackageCache\com.unity.visualscripting@1.8.0\Editor\VisualScripting.Core\Dependencies\YamlDotNet\Unity.VisualScripting.YamlDotNet.dll
Symbol file LoadedFromMemory doesn't match image F:\Lưu Trữ\Unity\CGO-3D\Library\PackageCache\com.unity.visualscripting@1.8.0\Editor\VisualScripting.Core\Dependencies\DotNetZip\Unity.VisualScripting.IonicZip.dll
Native extension for WindowsStandalone target not found
Native extension for iOS target not found
Native extension for WebGL target not found
Refreshing native plugins compatible for Editor in 0.52 ms, found 3 plugins.
Preloading 0 native plugins for Editor in 0.00 ms.
Mono: successfully reloaded assembly
- Completed reload, in  0.833 seconds
Domain Reload Profiling:
	ReloadAssembly (834ms)
		BeginReloadAssembly (133ms)
			ExecutionOrderSort (0ms)
			DisableScriptedObjects (7ms)
			BackupInstance (0ms)
			ReleaseScriptingObjects (0ms)
			CreateAndSetChildDomain (32ms)
		EndReloadAssembly (616ms)
			LoadAssemblies (82ms)
			RebuildTransferFunctionScriptingTraits (0ms)
			SetupTypeCache (220ms)
			ReleaseScriptCaches (1ms)
			RebuildScriptCaches (35ms)
			SetupLoadedEditorAssemblies (260ms)
				LogAssemblyErrors (0ms)
				InitializePlatformSupportModulesInManaged (22ms)
				SetLoadedEditorAssemblies (0ms)
				RefreshPlugins (1ms)
				BeforeProcessingInitializeOnLoad (58ms)
				ProcessInitializeOnLoadAttributes (153ms)
				ProcessInitializeOnLoadMethodAttributes (15ms)
				AfterProcessingInitializeOnLoad (10ms)
				EditorAssembliesLoaded (0ms)
			ExecutionOrderSort2 (0ms)
			AwakeInstancesAfterBackupRestoration (5ms)
Platform modules already initialized, skipping
Refreshing native plugins compatible for Editor in 1.29 ms, found 3 plugins.
Preloading 0 native plugins for Editor in 0.00 ms.
Unloading 3108 Unused Serialized files (Serialized files now loaded: 0)
Unloading 15 unused Assets / (21.9 KB). Loaded Objects now: 3589.
Memory consumption went from 108.8 MB to 108.8 MB.
Total: 2.861000 ms (FindLiveObjects: 0.328300 ms CreateObjectMapping: 0.085700 ms MarkObjects: 2.433100 ms  DeleteObjects: 0.013000 ms)

AssetImportParameters requested are different than current active one (requested -> active):
  custom:video-decoder-ogg-theora: a1e56fd34408186e4bbccfd4996cb3dc -> 
  custom:container-muxer-webm: aa71ff27fc2769a1b78a27578f13a17b -> 
  custom:container-demuxer-webm: 4f35f7cbe854078d1ac9338744f61a02 -> 
  custom:video-encoder-webm-vp8: eb34c28f22e8b96e1ab97ce403110664 -> 
  custom:audio-encoder-webm-vorbis: bf7c407c2cedff20999df2af8eb42d56 -> 
  custom:framework-win-MediaFoundation: 216162199b28c13a410421893ffa2e32 -> 
  custom:container-demuxer-ogg: 62fdf1f143b41e24485cea50d1cbac27 -> 
  custom:video-decoder-webm-vp8: 9c59270c3fd7afecdb556c50c9e8de78 -> 
  custom:audio-decoder-ogg-vorbis: bf7c407c2cedff20999df2af8eb42d56 -> 
========================================================================
Received Import Request.
  Time since last request: 18.391927 seconds.
  path: Assets/BrigeRace/Scripts
  artifactKey: Guid(807c490ba9a67874d9e0c4f632226ca8) Importer(815301076,1909f56bfc062723c751e8b465ee728b)
Start importing Assets/BrigeRace/Scripts using Guid(807c490ba9a67874d9e0c4f632226ca8) Importer(815301076,1909f56bfc062723c751e8b465ee728b)  -> (artifact id: '35bd650b5deeef135e2c0c984105d1a1') in 0.016084 seconds 
========================================================================
Received Import Request.
  Time since last request: 129.488383 seconds.
  path: Assets/BrigeRace/Materials/m_Ground.mat
  artifactKey: Guid(45b5c2b4d3f38c3408ab36fc4695a20c) Importer(815301076,1909f56bfc062723c751e8b465ee728b)
Start importing Assets/BrigeRace/Materials/m_Ground.mat using Guid(45b5c2b4d3f38c3408ab36fc4695a20c) Importer(815301076,1909f56bfc062723c751e8b465ee728b)  -> (artifact id: '5da07046ccd628da202807be509a3a74') in 0.114628 seconds 
========================================================================
Received Import Request.
  Time since last request: 88.969747 seconds.
  path: Assets/BOXOPHOBIC/Skybox Cubemap Extended/Demo/Materials/Skybox Cubemap Extended Day.mat
  artifactKey: Guid(2bd8959f5fbd3644aa33af1a155fc147) Importer(815301076,1909f56bfc062723c751e8b465ee728b)
Start importing Assets/BOXOPHOBIC/Skybox Cubemap Extended/Demo/Materials/Skybox Cubemap Extended Day.mat using Guid(2bd8959f5fbd3644aa33af1a155fc147) Importer(815301076,1909f56bfc062723c751e8b465ee728b)  -> (artifact id: 'bc24e5e697071e8da3813cee9752773d') in 0.911732 seconds 
========================================================================
Received Import Request.
  Time since last request: 0.000053 seconds.
  path: Assets/BOXOPHOBIC/Skybox Cubemap Extended/Demo/Materials/LowPoly - Terrain.mat
  artifactKey: Guid(2557d3f1d341fdb4e9d53179c053ffd5) Importer(815301076,1909f56bfc062723c751e8b465ee728b)
Start importing Assets/BOXOPHOBIC/Skybox Cubemap Extended/Demo/Materials/LowPoly - Terrain.mat using Guid(2557d3f1d341fdb4e9d53179c053ffd5) Importer(815301076,1909f56bfc062723c751e8b465ee728b)  -> (artifact id: '5ccef30067cf48ace4f48f3178e78307') in 0.036416 seconds 
========================================================================
Received Import Request.
  Time since last request: 0.000060 seconds.
  path: Assets/BOXOPHOBIC/Skybox Cubemap Extended/Demo/Materials/LowPoly - Rock.mat
  artifactKey: Guid(37524ae4594222f4f8acd7b76234f79a) Importer(815301076,1909f56bfc062723c751e8b465ee728b)
Start importing Assets/BOXOPHOBIC/Skybox Cubemap Extended/Demo/Materials/LowPoly - Rock.mat using Guid(37524ae4594222f4f8acd7b76234f79a) Importer(815301076,1909f56bfc062723c751e8b465ee728b)  -> (artifact id: '91401b1a9408e0b8ae6c4c3bdee0facf') in 0.021845 seconds 
========================================================================
Received Import Request.
  Time since last request: 0.000029 seconds.
  path: Assets/BOXOPHOBIC/Skybox Cubemap Extended/Demo/Materials/LowPoly - TreeTrunk.mat
  artifactKey: Guid(2a8f9a878cb7cff45b00339938d945ce) Importer(815301076,1909f56bfc062723c751e8b465ee728b)
Start importing Assets/BOXOPHOBIC/Skybox Cubemap Extended/Demo/Materials/LowPoly - TreeTrunk.mat using Guid(2a8f9a878cb7cff45b00339938d945ce) Importer(815301076,1909f56bfc062723c751e8b465ee728b)  -> (artifact id: 'e113eeb34c9a2e6f522d604009d82a9c') in 0.020102 seconds 
========================================================================
Received Import Request.
  Time since last request: 0.000020 seconds.
  path: Assets/Old/Skybox/Skybox.mat
  artifactKey: Guid(ef5e4012bbde5294eb19b519e0c405f1) Importer(815301076,1909f56bfc062723c751e8b465ee728b)
Start importing Assets/Old/Skybox/Skybox.mat using Guid(ef5e4012bbde5294eb19b519e0c405f1) Importer(815301076,1909f56bfc062723c751e8b465ee728b)  -> (artifact id: '7d31b3cb0c325fac54945ea81fe6f50e') in 0.074530 seconds 
========================================================================
Received Import Request.
  Time since last request: 0.000030 seconds.
  path: Assets/BOXOPHOBIC/Skybox Cubemap Extended/Demo/Materials/LowPoly - Grass.mat
  artifactKey: Guid(6fc6652ed834922468cdd63bb95f7fe2) Importer(815301076,1909f56bfc062723c751e8b465ee728b)
Start importing Assets/BOXOPHOBIC/Skybox Cubemap Extended/Demo/Materials/LowPoly - Grass.mat using Guid(6fc6652ed834922468cdd63bb95f7fe2) Importer(815301076,1909f56bfc062723c751e8b465ee728b)  -> (artifact id: '205099bd315179ca667bbc6074294c69') in 0.024522 seconds 
========================================================================
Received Import Request.
  Time since last request: 0.000020 seconds.
  path: Assets/BOXOPHOBIC/Skybox Cubemap Extended/Demo/Materials/Skybox Cubemap Extended Blend.mat
  artifactKey: Guid(1cf6f4c6e6e0518419839d3f5448dd99) Importer(815301076,1909f56bfc062723c751e8b465ee728b)
Start importing Assets/BOXOPHOBIC/Skybox Cubemap Extended/Demo/Materials/Skybox Cubemap Extended Blend.mat using Guid(1cf6f4c6e6e0518419839d3f5448dd99) Importer(815301076,1909f56bfc062723c751e8b465ee728b)  -> (artifact id: '8e7458c08b8d9e7287c42c9cbad20b44') in 0.315853 seconds 
========================================================================
Received Import Request.
  Time since last request: 0.000035 seconds.
  path: Assets/BOXOPHOBIC/Skybox Cubemap Extended/Demo/Materials/LowPoly - FirTree.mat
  artifactKey: Guid(138b35dd321622a4d93635b532ae8b8e) Importer(815301076,1909f56bfc062723c751e8b465ee728b)
Start importing Assets/BOXOPHOBIC/Skybox Cubemap Extended/Demo/Materials/LowPoly - FirTree.mat using Guid(138b35dd321622a4d93635b532ae8b8e) Importer(815301076,1909f56bfc062723c751e8b465ee728b)  -> (artifact id: '44d3c366e8fb5944ec314810e5b18a3c') in 0.017227 seconds 
========================================================================
Received Import Request.
  Time since last request: 0.000025 seconds.
  path: Assets/BOXOPHOBIC/Skybox Cubemap Extended/Demo/Materials/LowPoly - Wood.mat
  artifactKey: Guid(ff059fc016fcf8d4a88162b27e334cba) Importer(815301076,1909f56bfc062723c751e8b465ee728b)
Start importing Assets/BOXOPHOBIC/Skybox Cubemap Extended/Demo/Materials/LowPoly - Wood.mat using Guid(ff059fc016fcf8d4a88162b27e334cba) Importer(815301076,1909f56bfc062723c751e8b465ee728b)  -> (artifact id: '2add4d68e6c55a5d9f94f3d49458f5a2') in 0.015694 seconds 
Editor requested this worker to shutdown with reason: Scaling down because of idle timeout
AssetImportWorker is now disconnected from the server
Process exiting
Exiting without the bug reporter. Application will terminate with return code 0